Using pre-set license
Built from '2021.3/staging' branch; Version is '2021.3.1f1 (3b70a0754835) revision 3895456'; Using compiler version '192829333'; Build Type 'Release'
OS: 'Windows 10  (10.0.19044) 64bit Core' Language: 'ko' Physical Memory: 16297 MB
BatchMode: 1, IsHumanControllingUs: 0, StartBugReporterOnCrash: 0, Is64bit: 1, IsPro: 1

COMMAND LINE ARGUMENTS:
C:\Program Files\Unity\Hub\Editor\2021.3.1f1\Editor\Unity.exe
-adb2
-batchMode
-noUpm
-name
AssetImportWorker0
-projectPath
C:/project/Tower_Defense_Game
-logFile
Logs/AssetImportWorker0.log
-srvPort
50469
Successfully changed project path to: C:/project/Tower_Defense_Game
C:/project/Tower_Defense_Game
[UnityMemory] Configuration Parameters - Can be set up in boot.config
    "memorysetup-bucket-allocator-granularity=16"
    "memorysetup-bucket-allocator-bucket-count=8"
    "memorysetup-bucket-allocator-block-size=33554432"
    "memorysetup-bucket-allocator-block-count=8"
    "memorysetup-main-allocator-block-size=16777216"
    "memorysetup-thread-allocator-block-size=16777216"
    "memorysetup-gfx-main-allocator-block-size=16777216"
    "memorysetup-gfx-thread-allocator-block-size=16777216"
    "memorysetup-cache-allocator-block-size=4194304"
    "memorysetup-typetree-allocator-block-size=2097152"
    "memorysetup-profiler-bucket-allocator-granularity=16"
    "memorysetup-profiler-bucket-allocator-bucket-count=8"
    "memorysetup-profiler-bucket-allocator-block-size=33554432"
    "memorysetup-profiler-bucket-allocator-block-count=8"
    "memorysetup-profiler-allocator-block-size=16777216"
    "memorysetup-profiler-editor-allocator-block-size=1048576"
    "memorysetup-temp-allocator-size-main=16777216"
    "memorysetup-job-temp-allocator-block-size=2097152"
    "memorysetup-job-temp-allocator-block-size-background=1048576"
    "memorysetup-job-temp-allocator-reduction-small-platforms=262144"
    "memorysetup-temp-allocator-size-background-worker=32768"
    "memorysetup-temp-allocator-size-job-worker=262144"
    "memorysetup-temp-allocator-size-preload-manager=33554432"
    "memorysetup-temp-allocator-size-nav-mesh-worker=65536"
    "memorysetup-temp-allocator-size-audio-worker=65536"
    "memorysetup-temp-allocator-size-cloud-worker=32768"
    "memorysetup-temp-allocator-size-gi-baking-worker=262144"
    "memorysetup-temp-allocator-size-gfx=262144"
Refreshing native plugins compatible for Editor in 77.74 ms, found 2 plugins.
Preloading 0 native plugins for Editor in 0.00 ms.
Initialize engine version: 2021.3.1f1 (3b70a0754835)
[Subsystems] Discovering subsystems at path C:/Program Files/Unity/Hub/Editor/2021.3.1f1/Editor/Data/Resources/UnitySubsystems
[Subsystems] Discovering subsystems at path C:/project/Tower_Defense_Game/Assets
GfxDevice: creating device client; threaded=0; jobified=0
Direct3D:
    Version:  Direct3D 11.0 [level 11.1]
    Renderer: NVIDIA GeForce GTX 1060 6GB (ID=0x1c03)
    Vendor:   NVIDIA
    VRAM:     6052 MB
    Driver:   31.0.15.1694
Initialize mono
Mono path[0] = 'C:/Program Files/Unity/Hub/Editor/2021.3.1f1/Editor/Data/Managed'
Mono path[1] = 'C:/Program Files/Unity/Hub/Editor/2021.3.1f1/Editor/Data/MonoBleedingEdge/lib/mono/unityjit-win32'
Mono config path = 'C:/Program Files/Unity/Hub/Editor/2021.3.1f1/Editor/Data/MonoBleedingEdge/etc'
Using monoOptions --debugger-agent=transport=dt_socket,embedding=1,server=y,suspend=n,address=127.0.0.1:56264
Begin MonoManager ReloadAssembly
Registering precompiled unity dll's ...
Register platform support module: C:/Program Files/Unity/Hub/Editor/2021.3.1f1/Editor/Data/PlaybackEngines/WebGLSupport/UnityEditor.WebGL.Extensions.dll
Register platform support module: C:/Program Files/Unity/Hub/Editor/2021.3.1f1/Editor/Data/PlaybackEngines/WindowsStandaloneSupport/UnityEditor.WindowsStandalone.Extensions.dll
Registered in 0.015389 seconds.
Native extension for WindowsStandalone target not found
Native extension for WebGL target not found
Refreshing native plugins compatible for Editor in 64.88 ms, found 2 plugins.
Preloading 0 native plugins for Editor in 0.00 ms.
Mono: successfully reloaded assembly
- Completed reload, in  0.704 seconds
Domain Reload Profiling:
	ReloadAssembly (705ms)
		BeginReloadAssembly (96ms)
			ExecutionOrderSort (0ms)
			DisableScriptedObjects (0ms)
			BackupInstance (0ms)
			ReleaseScriptingObjects (0ms)
			CreateAndSetChildDomain (1ms)
		EndReloadAssembly (472ms)
			LoadAssemblies (91ms)
			RebuildTransferFunctionScriptingTraits (0ms)
			SetupTypeCache (116ms)
			ReleaseScriptCaches (0ms)
			RebuildScriptCaches (29ms)
			SetupLoadedEditorAssemblies (260ms)
				LogAssemblyErrors (0ms)
				InitializePlatformSupportModulesInManaged (13ms)
				SetLoadedEditorAssemblies (0ms)
				RefreshPlugins (65ms)
				BeforeProcessingInitializeOnLoad (2ms)
				ProcessInitializeOnLoadAttributes (128ms)
				ProcessInitializeOnLoadMethodAttributes (53ms)
				AfterProcessingInitializeOnLoad (0ms)
				EditorAssembliesLoaded (0ms)
			ExecutionOrderSort2 (0ms)
			AwakeInstancesAfterBackupRestoration (0ms)
Platform modules already initialized, skipping
Registering precompiled user dll's ...
Registered in 0.006466 seconds.
Begin MonoManager ReloadAssembly
Symbol file LoadedFromMemory is not a mono symbol file
Native extension for WindowsStandalone target not found
Native extension for WebGL target not found
Refreshing native plugins compatible for Editor in 0.75 ms, found 2 plugins.
Preloading 0 native plugins for Editor in 0.00 ms.
Package Manager log level set to [2]
Mono: successfully reloaded assembly
- Completed reload, in  1.151 seconds
Domain Reload Profiling:
	ReloadAssembly (1152ms)
		BeginReloadAssembly (133ms)
			ExecutionOrderSort (0ms)
			DisableScriptedObjects (6ms)
			BackupInstance (0ms)
			ReleaseScriptingObjects (0ms)
			CreateAndSetChildDomain (18ms)
		EndReloadAssembly (887ms)
			LoadAssemblies (115ms)
			RebuildTransferFunctionScriptingTraits (0ms)
			SetupTypeCache (198ms)
			ReleaseScriptCaches (0ms)
			RebuildScriptCaches (54ms)
			SetupLoadedEditorAssemblies (478ms)
				LogAssemblyErrors (0ms)
				InitializePlatformSupportModulesInManaged (10ms)
				SetLoadedEditorAssemblies (0ms)
				RefreshPlugins (1ms)
				BeforeProcessingInitializeOnLoad (91ms)
				ProcessInitializeOnLoadAttributes (215ms)
				ProcessInitializeOnLoadMethodAttributes (146ms)
				AfterProcessingInitializeOnLoad (15ms)
				EditorAssembliesLoaded (0ms)
			ExecutionOrderSort2 (0ms)
			AwakeInstancesAfterBackupRestoration (12ms)
Platform modules already initialized, skipping
========================================================================
Worker process is ready to serve import requests
Launched and connected shader compiler UnityShaderCompiler.exe after 0.05 seconds
Refreshing native plugins compatible for Editor in 0.77 ms, found 2 plugins.
Preloading 0 native plugins for Editor in 0.00 ms.
Unloading 2400 Unused Serialized files (Serialized files now loaded: 0)
Unloading 67 unused Assets / (205.4 KB). Loaded Objects now: 2838.
Memory consumption went from 178.3 MB to 178.1 MB.
Total: 5.500300 ms (FindLiveObjects: 0.240100 ms CreateObjectMapping: 0.158900 ms MarkObjects: 4.976400 ms  DeleteObjects: 0.124100 ms)

AssetImportParameters requested are different than current active one (requested -> active):
  custom:video-decoder-ogg-theora: a1e56fd34408186e4bbccfd4996cb3dc -> 
  custom:container-muxer-webm: aa71ff27fc2769a1b78a27578f13a17b -> 
  custom:container-demuxer-webm: 4f35f7cbe854078d1ac9338744f61a02 -> 
  custom:video-encoder-webm-vp8: eb34c28f22e8b96e1ab97ce403110664 -> 
  custom:audio-encoder-webm-vorbis: bf7c407c2cedff20999df2af8eb42d56 -> 
  custom:framework-win-MediaFoundation: 216162199b28c13a410421893ffa2e32 -> 
  custom:container-demuxer-ogg: 62fdf1f143b41e24485cea50d1cbac27 -> 
  custom:video-decoder-webm-vp8: 9c59270c3fd7afecdb556c50c9e8de78 -> 
  custom:audio-decoder-ogg-vorbis: bf7c407c2cedff20999df2af8eb42d56 -> 
========================================================================
Received Import Request.
  Time since last request: 1058145.385162 seconds.
  path: Assets/_TerrainAutoUpgrade/layer_Ground_04Ground_04_n(10.000,10.000)(0.000,0.000)(0.000,0.000,0.000),0.000,0.000.terrainlayer
  artifactKey: Guid(2a26c3d9db1a3485f9931e0d52ea5148) Importer(815301076,1909f56bfc062723c751e8b465ee728b)
Start importing Assets/_TerrainAutoUpgrade/layer_Ground_04Ground_04_n(10.000,10.000)(0.000,0.000)(0.000,0.000,0.000),0.000,0.000.terrainlayer using Guid(2a26c3d9db1a3485f9931e0d52ea5148) Importer(815301076,1909f56bfc062723c751e8b465ee728b)  -> (artifact id: 'e88864aca658af6bc12ac8f9733847ba') in 0.136444 seconds 
========================================================================
Received Import Request.
  Time since last request: 0.000022 seconds.
  path: Assets/_TerrainAutoUpgrade/layer_Ground_04Ground_04_n(5.000,5.000)(0.000,0.000)(0.000,0.000,0.000),0.000,0.000.terrainlayer
  artifactKey: Guid(f9d781e573fc74c57872696cdccf5ec7) Importer(815301076,1909f56bfc062723c751e8b465ee728b)
Start importing Assets/_TerrainAutoUpgrade/layer_Ground_04Ground_04_n(5.000,5.000)(0.000,0.000)(0.000,0.000,0.000),0.000,0.000.terrainlayer using Guid(f9d781e573fc74c57872696cdccf5ec7) Importer(815301076,1909f56bfc062723c751e8b465ee728b)  -> (artifact id: 'f4b4e327975fb29e9a4acce15ff11a16') in 0.021743 seconds 
========================================================================
Received Import Request.
  Time since last request: 0.000020 seconds.
  path: Assets/_TerrainAutoUpgrade/layer_Ground_05Ground_05_nmp(10.000,10.000)(0.000,0.000)(0.000,0.000,0.000),0.000,0.000.terrainlayer
  artifactKey: Guid(bc5222d21be1d4713adca7f4f40acf1c) Importer(815301076,1909f56bfc062723c751e8b465ee728b)
Start importing Assets/_TerrainAutoUpgrade/layer_Ground_05Ground_05_nmp(10.000,10.000)(0.000,0.000)(0.000,0.000,0.000),0.000,0.000.terrainlayer using Guid(bc5222d21be1d4713adca7f4f40acf1c) Importer(815301076,1909f56bfc062723c751e8b465ee728b)  -> (artifact id: '187f9ad7bf11d21dfcd3dd44c653c936') in 0.025216 seconds 
========================================================================
Received Import Request.
  Time since last request: 0.000019 seconds.
  path: Assets/_TerrainAutoUpgrade/layer_Ground_01Ground_01_n(6.000,6.000)(0.000,0.000)(0.000,0.000,0.000),0.000,0.000.terrainlayer
  artifactKey: Guid(09fc698ba5dd94fe6a52d21304060384) Importer(815301076,1909f56bfc062723c751e8b465ee728b)
Start importing Assets/_TerrainAutoUpgrade/layer_Ground_01Ground_01_n(6.000,6.000)(0.000,0.000)(0.000,0.000,0.000),0.000,0.000.terrainlayer using Guid(09fc698ba5dd94fe6a52d21304060384) Importer(815301076,1909f56bfc062723c751e8b465ee728b)  -> (artifact id: '5c3123d1b69e36da88bcaf007f61f3d8') in 0.042396 seconds 
========================================================================
Received Import Request.
  Time since last request: 0.000028 seconds.
  path: Assets/_TerrainAutoUpgrade/layer_Ground_06Ground_06_nmp(6.000,6.000)(0.000,0.000)(0.000,0.000,0.000),0.000,0.000.terrainlayer
  artifactKey: Guid(5deb9c99fc7904b348ec00ae8db5f409) Importer(815301076,1909f56bfc062723c751e8b465ee728b)
Start importing Assets/_TerrainAutoUpgrade/layer_Ground_06Ground_06_nmp(6.000,6.000)(0.000,0.000)(0.000,0.000,0.000),0.000,0.000.terrainlayer using Guid(5deb9c99fc7904b348ec00ae8db5f409) Importer(815301076,1909f56bfc062723c751e8b465ee728b)  -> (artifact id: '6c58f0d2f29991a5cb6354cb122e4cc3') in 0.048015 seconds 
========================================================================
Received Import Request.
  Time since last request: 3.004632 seconds.
  path: Assets/ThirdPartyPackages/MOBA and Tower Defense/Grounds/Ground_01_n.tif
  artifactKey: Guid(096c6c32d385b174aa86816cdfcbda45) Importer(815301076,1909f56bfc062723c751e8b465ee728b)
Start importing Assets/ThirdPartyPackages/MOBA and Tower Defense/Grounds/Ground_01_n.tif using Guid(096c6c32d385b174aa86816cdfcbda45) Importer(815301076,1909f56bfc062723c751e8b465ee728b)  -> (artifact id: 'd1b91297f57776a4529fe74eb9eca02f') in 0.035695 seconds 
========================================================================
Received Import Request.
  Time since last request: 170.185126 seconds.
  path: Assets/Scenes/Main/Lightmap-0_comp_dir.png
  artifactKey: Guid(d23ce938ae7d9b24bb791e4a71d3388f) Importer(815301076,1909f56bfc062723c751e8b465ee728b)
Start importing Assets/Scenes/Main/Lightmap-0_comp_dir.png using Guid(d23ce938ae7d9b24bb791e4a71d3388f) Importer(815301076,1909f56bfc062723c751e8b465ee728b)  -> (artifact id: '7fef8a51332888dc07a25706aefa9a64') in 0.037021 seconds 
========================================================================
Received Import Request.
  Time since last request: 0.000034 seconds.
  path: Assets/Scenes/Main/ReflectionProbe-3.exr
  artifactKey: Guid(f319d2d4df093224684b4dae47534bb6) Importer(815301076,1909f56bfc062723c751e8b465ee728b)
Start importing Assets/Scenes/Main/ReflectionProbe-3.exr using Guid(f319d2d4df093224684b4dae47534bb6) Importer(815301076,1909f56bfc062723c751e8b465ee728b)  -> (artifact id: 'e32856956b03e288b1906beb579110f6') in 0.050452 seconds 
========================================================================
Received Import Request.
  Time since last request: 0.000021 seconds.
  path: Assets/Scenes/Main/ReflectionProbe-5.exr
  artifactKey: Guid(f22b5645f939fc14eb097b1189fb2c8f) Importer(815301076,1909f56bfc062723c751e8b465ee728b)
Start importing Assets/Scenes/Main/ReflectionProbe-5.exr using Guid(f22b5645f939fc14eb097b1189fb2c8f) Importer(815301076,1909f56bfc062723c751e8b465ee728b)  -> (artifact id: 'fc4ae04b56a8b204f6f83aba70e43bb3') in 0.018076 seconds 
========================================================================
Received Import Request.
  Time since last request: 0.000022 seconds.
  path: Assets/Scenes/Main/ReflectionProbe-7.exr
  artifactKey: Guid(5debba57b5b312647adf406fd49d2d1d) Importer(815301076,1909f56bfc062723c751e8b465ee728b)
Start importing Assets/Scenes/Main/ReflectionProbe-7.exr using Guid(5debba57b5b312647adf406fd49d2d1d) Importer(815301076,1909f56bfc062723c751e8b465ee728b)  -> (artifact id: '90e20e90ae9a8ee7a17a2c4f8b7fb5bf') in 0.115689 seconds 
========================================================================
Received Import Request.
  Time since last request: 0.000018 seconds.
  path: Assets/Scenes/Main/ReflectionProbe-9.exr
  artifactKey: Guid(d076206b94113aa4cafb7a64d3bad847) Importer(815301076,1909f56bfc062723c751e8b465ee728b)
Start importing Assets/Scenes/Main/ReflectionProbe-9.exr using Guid(d076206b94113aa4cafb7a64d3bad847) Importer(815301076,1909f56bfc062723c751e8b465ee728b)  -> (artifact id: '2e2963a519f12990d447df7d7e721c22') in 0.016259 seconds 
========================================================================
Received Import Request.
  Time since last request: 0.000051 seconds.
  path: Assets/Scenes/Main/Lightmap-0_comp_light.exr
  artifactKey: Guid(38645482f82302843938b3d9b2b8e345) Importer(815301076,1909f56bfc062723c751e8b465ee728b)
Start importing Assets/Scenes/Main/Lightmap-0_comp_light.exr using Guid(38645482f82302843938b3d9b2b8e345) Importer(815301076,1909f56bfc062723c751e8b465ee728b)  -> (artifact id: 'e0f00a6203e6b51ee5cee3714552f410') in 0.022379 seconds 
========================================================================
Received Import Request.
  Time since last request: 0.000020 seconds.
  path: Assets/Scenes/Main/ReflectionProbe-2.exr
  artifactKey: Guid(5c1be5c0a92e945418a09e0b4b56cd15) Importer(815301076,1909f56bfc062723c751e8b465ee728b)
Start importing Assets/Scenes/Main/ReflectionProbe-2.exr using Guid(5c1be5c0a92e945418a09e0b4b56cd15) Importer(815301076,1909f56bfc062723c751e8b465ee728b)  -> (artifact id: 'b84e4e820621daece5815a9f9e0fcd31') in 0.015586 seconds 
========================================================================
Received Import Request.
  Time since last request: 11.611876 seconds.
  path: Assets/XavAsset/coin.png
  artifactKey: Guid(233e63b13ef78a54082223ec47fda415) Importer(815301076,1909f56bfc062723c751e8b465ee728b)
Start importing Assets/XavAsset/coin.png using Guid(233e63b13ef78a54082223ec47fda415) Importer(815301076,1909f56bfc062723c751e8b465ee728b)  -> (artifact id: '4a145544ba0d4a2384aecbc8157765cc') in 0.076182 seconds 
========================================================================
Received Import Request.
  Time since last request: 0.000022 seconds.
  path: Assets/XavAsset/sccpre.cat-tower-icon-png-3599098.png
  artifactKey: Guid(940d66e5ca4a4854dbd12d8d81aefda5) Importer(815301076,1909f56bfc062723c751e8b465ee728b)
Start importing Assets/XavAsset/sccpre.cat-tower-icon-png-3599098.png using Guid(940d66e5ca4a4854dbd12d8d81aefda5) Importer(815301076,1909f56bfc062723c751e8b465ee728b)  -> (artifact id: '23b976cbc80340e783db67a789216096') in 0.033696 seconds 
========================================================================
Received Import Request.
  Time since last request: 2.733245 seconds.
  path: Assets/Textures/Rock Hurler_Green.tif
  artifactKey: Guid(05be89e3d2b6841ffbfc408288a8bd37) Importer(815301076,1909f56bfc062723c751e8b465ee728b)
Start importing Assets/Textures/Rock Hurler_Green.tif using Guid(05be89e3d2b6841ffbfc408288a8bd37) Importer(815301076,1909f56bfc062723c751e8b465ee728b)  -> (artifact id: '13584c4d38a0bbb782b32c1da024005f') in 0.017155 seconds 
========================================================================
Received Import Request.
  Time since last request: 0.000017 seconds.
  path: Assets/Textures/Tow_Crystals.tif
  artifactKey: Guid(03326657a6bcc4865af47904dc2f7114) Importer(815301076,1909f56bfc062723c751e8b465ee728b)
Start importing Assets/Textures/Tow_Crystals.tif using Guid(03326657a6bcc4865af47904dc2f7114) Importer(815301076,1909f56bfc062723c751e8b465ee728b)  -> (artifact id: 'd6095f69871e2c68f057576106613d61') in 0.022084 seconds 
========================================================================
Received Import Request.
  Time since last request: 0.000036 seconds.
  path: Assets/Textures/Runes_shadow.tif
  artifactKey: Guid(0068f3f0158e2481ebcc332f7bb289a4) Importer(815301076,1909f56bfc062723c751e8b465ee728b)
Start importing Assets/Textures/Runes_shadow.tif using Guid(0068f3f0158e2481ebcc332f7bb289a4) Importer(815301076,1909f56bfc062723c751e8b465ee728b)  -> (artifact id: 'ef94b29302a5eb96a32fb38b19738acb') in 0.020031 seconds 
========================================================================
Received Import Request.
  Time since last request: 0.000021 seconds.
  path: Assets/Textures/Runes_red.tif
  artifactKey: Guid(8d8a8d0dc15c4453480268500535a1ee) Importer(815301076,1909f56bfc062723c751e8b465ee728b)
Start importing Assets/Textures/Runes_red.tif using Guid(8d8a8d0dc15c4453480268500535a1ee) Importer(815301076,1909f56bfc062723c751e8b465ee728b)  -> (artifact id: 'e31f457ca64e81ebda35ae4ab3d9b876') in 0.019054 seconds 
========================================================================
Received Import Request.
  Time since last request: 0.000018 seconds.
  path: Assets/Textures/Runes_Arcane.tif
  artifactKey: Guid(7687e77aab076411299d57665957c8ba) Importer(815301076,1909f56bfc062723c751e8b465ee728b)
Start importing Assets/Textures/Runes_Arcane.tif using Guid(7687e77aab076411299d57665957c8ba) Importer(815301076,1909f56bfc062723c751e8b465ee728b)  -> (artifact id: '3de744864b3fe981c7de9cbd5032df27') in 0.017454 seconds 
